<?xml version="1.0" encoding="UTF-8"?>
<!-- Generated by org.testng.reporters.JUnitReportReporter -->
<testsuite hostname="DESKTOP-1LCU6CA" failures="0" tests="1" name="testCases.HamburgerMenu" time="22.066" errors="0" timestamp="2023-10-26T21:26:29 IST" skipped="0">
  <testcase classname="testCases.HamburgerMenu" name="hambmenu" time="22.066"/>
</testsuite> <!-- testCases.HamburgerMenu -->
