<?xml version="1.0" encoding="UTF-8"?>
<!-- Generated by org.testng.reporters.JUnitReportReporter -->
<testsuite hostname="DESKTOP-1LCU6CA" failures="0" tests="1" name="testCases.AddToCart" time="65.564" errors="0" timestamp="2023-10-27T20:21:26 IST" skipped="0">
  <testcase classname="testCases.AddToCart" name="verifyADC" time="65.564"/>
</testsuite> <!-- testCases.AddToCart -->
