<?xml version="1.0" encoding="UTF-8"?>
<!-- Generated by org.testng.reporters.JUnitReportReporter -->
<testsuite hostname="DESKTOP-1LCU6CA" failures="0" tests="1" name="testCases.HamburgerMenu" time="28.208" errors="0" timestamp="2023-10-27T20:48:20 IST" skipped="0">
  <testcase classname="testCases.HamburgerMenu" name="hambmenu" time="28.208"/>
</testsuite> <!-- testCases.HamburgerMenu -->
